This is pdfTeX, Version 3.14159265-2.6-1.40.18 (TeX Live 2017) (preloaded format=pdflatex 2017.12.22)  26 NOV 2019 17:46
entering extended mode
 restricted \write18 enabled.
 %&-line parsing enabled.
**act.tex
(./act.tex
LaTeX2e <2017-04-15>
Babel <3.10> and hyphenation patterns for 84 language(s) loaded.

(/usr/local/texlive/2017/texmf-dist/tex/latex/base/article.cls
Document Class: article 2014/09/29 v1.4h Standard LaTeX document class
(/usr/local/texlive/2017/texmf-dist/tex/latex/base/size11.clo
File: size11.clo 2014/09/29 v1.4h Standard LaTeX file (size option)
)
\c@part=\count79
\c@section=\count80
\c@subsection=\count81
\c@subsubsection=\count82
\c@paragraph=\count83
\c@subparagraph=\count84
\c@figure=\count85
\c@table=\count86
\abovecaptionskip=\skip41
\belowcaptionskip=\skip42
\bibindent=\dimen102
) (/usr/local/texlive/2017/texmf-dist/tex/latex/base/fontenc.sty
Package: fontenc 2017/04/05 v2.0i Standard LaTeX package
(/usr/local/texlive/2017/texmf-dist/tex/latex/base/t1enc.def
File: t1enc.def 2017/04/05 v2.0i Standard LaTeX file
LaTeX Font Info:    Redeclaring font encoding T1 on input line 48.
)) (/usr/local/texlive/2017/texmf-dist/tex/latex/base/inputenc.sty
Package: inputenc 2015/03/17 v1.2c Input encoding file
\inpenc@prehook=\toks14
\inpenc@posthook=\toks15
(/usr/local/texlive/2017/texmf-dist/tex/latex/ucs/utf8x.def
File: utf8x.def 2004/10/17 UCS: Input encoding UTF-8
)) (/usr/local/texlive/2017/texmf-dist/tex/latex/ucs/ucs.sty
Package: ucs 2013/05/11 v2.2 UCS: Unicode input support
(/usr/local/texlive/2017/texmf-dist/tex/latex/ucs/data/uni-global.def
File: uni-global.def 2013/05/13 UCS: Unicode global data
)
\uc@secondtry=\count87
\uc@combtoks=\toks16
\uc@combtoksb=\toks17
\uc@temptokena=\toks18
) (./act.aux)
\openout1 = `act.aux'.

LaTeX Font Info:    Checking defaults for OML/cmm/m/it on input line 13.
LaTeX Font Info:    ... okay on input line 13.
LaTeX Font Info:    Checking defaults for T1/cmr/m/n on input line 13.
LaTeX Font Info:    ... okay on input line 13.
LaTeX Font Info:    Checking defaults for OT1/cmr/m/n on input line 13.
LaTeX Font Info:    ... okay on input line 13.
LaTeX Font Info:    Checking defaults for OMS/cmsy/m/n on input line 13.
LaTeX Font Info:    ... okay on input line 13.
LaTeX Font Info:    Checking defaults for OMX/cmex/m/n on input line 13.
LaTeX Font Info:    ... okay on input line 13.
LaTeX Font Info:    Checking defaults for U/cmr/m/n on input line 13.
LaTeX Font Info:    ... okay on input line 13.
(/usr/local/texlive/2017/texmf-dist/tex/latex/ucs/ucsencs.def
File: ucsencs.def 2011/01/21 Fixes to fontencodings LGR, T3
)
LaTeX Font Info:    External font `cmex10' loaded for size
(Font)              <12> on input line 14.
LaTeX Font Info:    External font `cmex10' loaded for size
(Font)              <8> on input line 14.
LaTeX Font Info:    External font `cmex10' loaded for size
(Font)              <6> on input line 14.
LaTeX Font Info:    External font `cmex10' loaded for size
(Font)              <10.95> on input line 35.
LaTeX Font Info:    Try loading font information for T1+cmtt on input line 36.
(/usr/local/texlive/2017/texmf-dist/tex/latex/base/t1cmtt.fd
File: t1cmtt.fd 2014/09/29 v2.5h Standard LaTeX font definitions
)
Underfull \hbox (badness 10000) in paragraph at lines 48--49

 []


Underfull \hbox (badness 10000) in paragraph at lines 50--63

 []

[1

{/usr/local/texlive/2017/texmf-var/fonts/map/pdftex/updmap/pdftex.map}]
Underfull \hbox (badness 10000) in paragraph at lines 64--65

 []


Underfull \hbox (badness 10000) in paragraph at lines 66--77

 []


Underfull \hbox (badness 10000) in paragraph at lines 83--87

 []


Underfull \hbox (badness 10000) in paragraph at lines 88--91

 []


Underfull \hbox (badness 10000) in paragraph at lines 92--103

 []

[2]
Underfull \hbox (badness 10000) in paragraph at lines 104--110

 []


Underfull \hbox (badness 10000) in paragraph at lines 111--115

 []


Underfull \hbox (badness 10000) in paragraph at lines 116--119

 []


Underfull \hbox (badness 10000) in paragraph at lines 120--125

 []


Underfull \hbox (badness 10000) in paragraph at lines 126--140

 []


Underfull \hbox (badness 10000) in paragraph at lines 141--149

 []


Underfull \hbox (badness 10000) in paragraph at lines 150--157

 []

[3]
Underfull \hbox (badness 10000) in paragraph at lines 158--164

 []


Underfull \hbox (badness 10000) in paragraph at lines 165--171

 []


Underfull \hbox (badness 10000) in paragraph at lines 172--177

 []


Underfull \hbox (badness 10000) in paragraph at lines 178--182

 []


Underfull \hbox (badness 10000) in paragraph at lines 183--186

 []


Underfull \hbox (badness 10000) in paragraph at lines 187--190

 []


Underfull \hbox (badness 10000) in paragraph at lines 191--194

 []


Underfull \hbox (badness 10000) in paragraph at lines 195--198

 []


Underfull \hbox (badness 10000) in paragraph at lines 199--214

 []


Underfull \hbox (badness 10000) in paragraph at lines 215--218

 []

[4]
Underfull \hbox (badness 10000) in paragraph at lines 219--224

 []


Underfull \hbox (badness 10000) in paragraph at lines 225--230

 []


Underfull \hbox (badness 10000) in paragraph at lines 231--236

 []


Underfull \hbox (badness 10000) in paragraph at lines 237--241

 []


Underfull \hbox (badness 10000) in paragraph at lines 242--246

 []


Underfull \hbox (badness 10000) in paragraph at lines 247--251

 []


Underfull \hbox (badness 10000) in paragraph at lines 252--256

 []


Underfull \hbox (badness 10000) in paragraph at lines 257--261

 []


Underfull \hbox (badness 10000) in paragraph at lines 262--266

 []


Underfull \hbox (badness 10000) in paragraph at lines 267--273

 []

[5] (./act.aux) ) 
Here is how much of TeX's memory you used:
 740 strings out of 492995
 10001 string characters out of 6132703
 82116 words of memory out of 5000000
 4336 multiletter control sequences out of 15000+600000
 13741 words of font info for 35 fonts, out of 8000000 for 9000
 1141 hyphenation exceptions out of 8191
 23i,9n,19p,372b,185s stack positions out of 5000i,500n,10000p,200000b,80000s
{/usr/local/texlive/2017/texmf-dist/fonts/enc/dvips/cm-super/c
m-super-t1.enc}</usr/local/texlive/2017/texmf-dist/fonts/type1/public/amsfonts/
cm/cmmi10.pfb></usr/local/texlive/2017/texmf-dist/fonts/type1/public/amsfonts/c
m/cmr10.pfb></usr/local/texlive/2017/texmf-dist/fonts/type1/public/amsfonts/cm/
cmsy10.pfb></usr/local/texlive/2017/texmf-dist/fonts/type1/public/cm-super/sfbx
1200.pfb></usr/local/texlive/2017/texmf-dist/fonts/type1/public/cm-super/sfbx14
40.pfb></usr/local/texlive/2017/texmf-dist/fonts/type1/public/cm-super/sfrm1095
.pfb></usr/local/texlive/2017/texmf-dist/fonts/type1/public/cm-super/sfrm1200.p
fb></usr/local/texlive/2017/texmf-dist/fonts/type1/public/cm-super/sfrm1728.pfb
></usr/local/texlive/2017/texmf-dist/fonts/type1/public/cm-super/sfsl1095.pfb><
/usr/local/texlive/2017/texmf-dist/fonts/type1/public/cm-super/sfti1095.pfb></u
sr/local/texlive/2017/texmf-dist/fonts/type1/public/cm-super/sftt1095.pfb>
Output written on act.pdf (5 pages, 173064 bytes).
PDF statistics:
 65 PDF objects out of 1000 (max. 8388607)
 46 compressed objects within 1 object stream
 0 named destinations out of 1000 (max. 500000)
 1 words of extra memory for PDF output out of 10000 (max. 10000000)

